android/app/build/outputs/logs/manifest-merger-release-report.txt
-- Merging decision tree log ---
manifest
ADDED from src\main\AndroidManifest.xml:1:1-57:12
INJECTED from src\main\AndroidManifest.xml:1:1-57:12
INJECTED from src\main\AndroidManifest.xml:1:1-57:12
INJECTED from src\main\AndroidManifest.xml:1:1-57:12
MERGED from [:flutter_email_sender] AndroidManifest.xml:2:1-19:12
MERGED from [:image_picker] AndroidManifest.xml:2:1-22:12
MERGED from [:flutter_plugin_android_lifecycle] AndroidManifest.xml:2:1-7:12
MERGED from [:shared_preferences] AndroidManifest.xml:2:1-7:12
MERGED from [:sqflite] AndroidManifest.xml:2:1-7:12
MERGED from [:flutter_html_to_pdf] AndroidManifest.xml:2:1-7:12
MERGED from [:advance_pdf_viewer] AndroidManifest.xml:2:1-7:12
MERGED from [:path_provider] AndroidManifest.xml:2:1-7:12
MERGED from [:image_cropper] AndroidManifest.xml:2:1-7:12
MERGED from [:searchable_dropdown] AndroidManifest.xml:2:1-7:12
MERGED from [:permission_handler] AndroidManifest.xml:2:1-7:12
MERGED from [:whatsapp_share] AndroidManifest.xml:2:1-7:12
MERGED from [com.github.yalantis:ucrop:2.2.7] AndroidManifest.xml:2:1-11:12
MERGED from [androidx.appcompat:appcompat:1.3.0] AndroidManifest.xml:17:1-24:12
MERGED from [androidx.exifinterface:exifinterface:1.3.2] AndroidManifest.xml:17:1-24:12
MERGED from [androidx.transition:transition:1.4.1] AndroidManifest.xml:17:1-24:12
MERGED from [androidx.fragment:fragment:1.3.4] AndroidManifest.xml:17:1-24:12
MERGED from [androidx.activity:activity:1.2.3] AndroidManifest.xml:17:1-24:12
MERGED from [androidx.appcompat:appcompat-resources:1.3.0] AndroidManifest.xml:17:1-24:12
MERGED from [androidx.drawerlayout:drawerlayout:1.0.0] AndroidManifest.xml:17:1-22:12
MERGED from [androidx.viewpager:viewpager:1.0.0] AndroidManifest.xml:17:1-22:12
MERGED from [androidx.loader:loader:1.0.0] AndroidManifest.xml:17:1-22:12
MERGED from [androidx.vectordrawable:vectordrawable-animated:1.1.0] AndroidManifest.xml:17:1-24:12
MERGED from [androidx.vectordrawable:vectordrawable:1.1.0] AndroidManifest.xml:17:1-24:12
MERGED from [androidx.customview:customview:1.0.0] AndroidManifest.xml:17:1-22:12
MERGED from [androidx.core:core:1.5.0] AndroidManifest.xml:17:1-26:12
MERGED from [androidx.versionedparcelable:versionedparcelable:1.1.1] AndroidManifest.xml:17:1-27:12
MERGED from [androidx.lifecycle:lifecycle-runtime:2.3.1] AndroidManifest.xml:17:1-24:12
MERGED from [androidx.cursoradapter:cursoradapter:1.0.0] AndroidManifest.xml:17:1-22:12
MERGED from [androidx.lifecycle:lifecycle-viewmodel-savedstate:2.3.1] AndroidManifest.xml:17:1-24:12
MERGED from [androidx.savedstate:savedstate:1.1.0] AndroidManifest.xml:17:1-24:12
MERGED from [androidx.lifecycle:lifecycle-viewmodel:2.3.1] AndroidManifest.xml:17:1-24:12
MERGED from [androidx.lifecycle:lifecycle-livedata:2.0.0] AndroidManifest.xml:17:1-22:12
MERGED from [androidx.lifecycle:lifecycle-livedata-core:2.3.1] AndroidManifest.xml:17:1-24:12
MERGED from [androidx.arch.core:core-runtime:2.1.0] AndroidManifest.xml:17:1-24:12
MERGED from [androidx.tracing:tracing:1.0.0] AndroidManifest.xml:17:1-24:12
MERGED from [androidx.interpolator:interpolator:1.0.0] AndroidManifest.xml:17:1-22:12
MERGED from [androidx.annotation:annotation-experimental:1.0.0] AndroidManifest.xml:17:1-24:12
INJECTED from src\main\AndroidManifest.xml:1:1-57:12
INJECTED from src\main\AndroidManifest.xml:1:1-57:12
INJECTED from src\main\AndroidManifest.xml:1:1-57:12
	package
		ADDED from src\main\AndroidManifest.xml:2:5-30
		INJECTED from src\main\AndroidManifest.xml
		INJECTED from src\main\AndroidManifest.xml
	android:versionName
		INJECTED from src\main\AndroidManifest.xml
		ADDED from src\main\AndroidManifest.xml:1:1-57:12
		INJECTED from src\main\AndroidManifest.xml
	android:versionCode
		INJECTED from src\main\AndroidManifest.xml
		ADDED from src\main\AndroidManifest.xml:1:1-57:12
		INJECTED from src\main\AndroidManifest.xml
	xmlns:android
		ADDED from src\main\AndroidManifest.xml:1:11-69
uses-permission#android.permission.INTERNET
ADDED from src\main\AndroidManifest.xml:3:4-66
	android:name
		ADDED from src\main\AndroidManifest.xml:3:21-63
uses-permission#android.permission.READ_EXTERNAL_STORAGE
ADDED from src\main\AndroidManifest.xml:10:4-95
MERGED from [:image_picker] AndroidManifest.xml:7:5-80
MERGED from [:image_picker] AndroidManifest.xml:7:5-80
	android:name
		ADDED from src\main\AndroidManifest.xml:10:21-76
uses-permission#android.permission.WRITE_EXTERNAL_STORAGE
ADDED from src\main\AndroidManifest.xml:11:4-96
MERGED from [:image_picker] AndroidManifest.xml:8:5-81
MERGED from [:image_picker] AndroidManifest.xml:8:5-81
	android:name
		ADDED from src\main\AndroidManifest.xml:11:21-77
uses-permission#android.permission.REQUEST_INSTALL_PACKAGES
ADDED from src\main\AndroidManifest.xml:12:4-82
	android:name
		ADDED from src\main\AndroidManifest.xml:12:21-79
uses-permission#android.permission.BLUETOOTH
ADDED from src\main\AndroidManifest.xml:13:4-67
	android:name
		ADDED from src\main\AndroidManifest.xml:13:21-64
uses-permission#android.permission.BLUETOOTH_ADMIN
ADDED from src\main\AndroidManifest.xml:14:4-73
	android:name
		ADDED from src\main\AndroidManifest.xml:14:21-70
uses-permission#android.permission.ACCESS_COARSE_LOCATION
ADDED from src\main\AndroidManifest.xml:15:4-79
	android:name
		ADDED from src\main\AndroidManifest.xml:15:21-77
application
ADDED from src\main\AndroidManifest.xml:16:4-56:19
MERGED from [:flutter_email_sender] AndroidManifest.xml:7:5-17:19
MERGED from [:flutter_email_sender] AndroidManifest.xml:7:5-17:19
MERGED from [:image_picker] AndroidManifest.xml:10:5-20:19
MERGED from [:image_picker] AndroidManifest.xml:10:5-20:19
MERGED from [androidx.core:core:1.5.0] AndroidManifest.xml:24:5-89
MERGED from [androidx.core:core:1.5.0] AndroidManifest.xml:24:5-89
MERGED from [androidx.versionedparcelable:versionedparcelable:1.1.1] AndroidManifest.xml:24:5-25:19
MERGED from [androidx.versionedparcelable:versionedparcelable:1.1.1] AndroidManifest.xml:24:5-25:19
	android:requestLegacyExternalStorage
		ADDED from src\main\AndroidManifest.xml:18:9-52
	android:appComponentFactory
		ADDED from [androidx.core:core:1.5.0] AndroidManifest.xml:24:18-86
	android:label
		ADDED from src\main\AndroidManifest.xml:17:9-28
	android:icon
		ADDED from src\main\AndroidManifest.xml:19:9-43
activity#com.onethinklogic.doamuslim.MainActivity
ADDED from src\main\AndroidManifest.xml:20:9-50:20
	android:screenOrientation
		ADDED from src\main\AndroidManifest.xml:26:13-49
	android:launchMode
		ADDED from src\main\AndroidManifest.xml:22:13-43
	android:hardwareAccelerated
		ADDED from src\main\AndroidManifest.xml:25:13-47
	android:windowSoftInputMode
		ADDED from src\main\AndroidManifest.xml:27:13-55
	android:configChanges
		ADDED from src\main\AndroidManifest.xml:24:13-163
	android:theme
		ADDED from src\main\AndroidManifest.xml:23:13-47
	android:name
		ADDED from src\main\AndroidManifest.xml:21:13-41
meta-data#io.flutter.embedding.android.NormalTheme
ADDED from src\main\AndroidManifest.xml:32:13-35:17
	android:resource
		ADDED from src\main\AndroidManifest.xml:34:15-52
	android:name
		ADDED from src\main\AndroidManifest.xml:33:15-70
meta-data#io.flutter.embedding.android.SplashScreenDrawable
ADDED from src\main\AndroidManifest.xml:41:13-44:17
	android:resource
		ADDED from src\main\AndroidManifest.xml:43:15-61
	android:name
		ADDED from src\main\AndroidManifest.xml:42:15-79
intent-filter#action:name:android.intent.action.MAIN+category:name:android.intent.category.LAUNCHER
ADDED from src\main\AndroidManifest.xml:46:13-49:29
action#android.intent.action.MAIN
ADDED from src\main\AndroidManifest.xml:47:17-68
	android:name
		ADDED from src\main\AndroidManifest.xml:47:25-66
category#android.intent.category.LAUNCHER
ADDED from src\main\AndroidManifest.xml:48:17-76
	android:name
		ADDED from src\main\AndroidManifest.xml:48:27-74
meta-data#flutterEmbedding
ADDED from src\main\AndroidManifest.xml:53:9-55:33
	android:value
		ADDED from src\main\AndroidManifest.xml:55:13-30
	android:name
		ADDED from src\main\AndroidManifest.xml:54:13-44
uses-sdk
INJECTED from src\main\AndroidManifest.xml reason: use-sdk injection requested
INJECTED from src\main\AndroidManifest.xml
INJECTED from src\main\AndroidManifest.xml
MERGED from [:flutter_email_sender] AndroidManifest.xml:5:5-44
MERGED from [:flutter_email_sender] AndroidManifest.xml:5:5-44
MERGED from [:image_picker] AndroidManifest.xml:5:5-44
MERGED from [:image_picker] AndroidManifest.xml:5:5-44
MERGED from [:flutter_plugin_android_lifecycle] AndroidManifest.xml:5:5-44
MERGED from [:flutter_plugin_android_lifecycle] AndroidManifest.xml:5:5-44
MERGED from [:shared_preferences] AndroidManifest.xml:5:5-44
MERGED from [:shared_preferences] AndroidManifest.xml:5:5-44
MERGED from [:sqflite] AndroidManifest.xml:5:5-44
MERGED from [:sqflite] AndroidManifest.xml:5:5-44
MERGED from [:flutter_html_to_pdf] AndroidManifest.xml:5:5-44
MERGED from [:flutter_html_to_pdf] AndroidManifest.xml:5:5-44
MERGED from [:advance_pdf_viewer] AndroidManifest.xml:5:5-44
MERGED from [:advance_pdf_viewer] AndroidManifest.xml:5:5-44
MERGED from [:path_provider] AndroidManifest.xml:5:5-44
MERGED from [:path_provider] AndroidManifest.xml:5:5-44
MERGED from [:image_cropper] AndroidManifest.xml:5:5-44
MERGED from [:image_cropper] AndroidManifest.xml:5:5-44
MERGED from [:searchable_dropdown] AndroidManifest.xml:5:5-44
MERGED from [:searchable_dropdown] AndroidManifest.xml:5:5-44
MERGED from [:permission_handler] AndroidManifest.xml:5:5-44
MERGED from [:permission_handler] AndroidManifest.xml:5:5-44
MERGED from [:whatsapp_share] AndroidManifest.xml:5:5-44
MERGED from [:whatsapp_share] AndroidManifest.xml:5:5-44
MERGED from [com.github.yalantis:ucrop:2.2.7] AndroidManifest.xml:7:5-9:41
MERGED from [com.github.yalantis:ucrop:2.2.7] AndroidManifest.xml:7:5-9:41
MERGED from [androidx.appcompat:appcompat:1.3.0] AndroidManifest.xml:20:5-22:41
MERGED from [androidx.appcompat:appcompat:1.3.0] AndroidManifest.xml:20:5-22:41
MERGED from [androidx.exifinterface:exifinterface:1.3.2] AndroidManifest.xml:20:5-22:41
MERGED from [androidx.exifinterface:exifinterface:1.3.2] AndroidManifest.xml:20:5-22:41
MERGED from [androidx.transition:transition:1.4.1] AndroidManifest.xml:20:5-22:41
MERGED from [androidx.transition:transition:1.4.1] AndroidManifest.xml:20:5-22:41
MERGED from [androidx.fragment:fragment:1.3.4] AndroidManifest.xml:20:5-22:41
MERGED from [androidx.fragment:fragment:1.3.4] AndroidManifest.xml:20:5-22:41
MERGED from [androidx.activity:activity:1.2.3] AndroidManifest.xml:20:5-22:41
MERGED from [androidx.activity:activity:1.2.3] AndroidManifest.xml:20:5-22:41
MERGED from [androidx.appcompat:appcompat-resources:1.3.0] AndroidManifest.xml:20:5-22:41
MERGED from [androidx.appcompat:appcompat-resources:1.3.0] AndroidManifest.xml:20:5-22:41
MERGED from [androidx.drawerlayout:drawerlayout:1.0.0] AndroidManifest.xml:20:5-44
MERGED from [androidx.drawerlayout:drawerlayout:1.0.0] AndroidManifest.xml:20:5-44
MERGED from [androidx.viewpager:viewpager:1.0.0] AndroidManifest.xml:20:5-44
MERGED from [androidx.viewpager:viewpager:1.0.0] AndroidManifest.xml:20:5-44
MERGED from [androidx.loader:loader:1.0.0] AndroidManifest.xml:20:5-44
MERGED from [androidx.loader:loader:1.0.0] AndroidManifest.xml:20:5-44
MERGED from [androidx.vectordrawable:vectordrawable-animated:1.1.0] AndroidManifest.xml:20:5-22:41
MERGED from [androidx.vectordrawable:vectordrawable-animated:1.1.0] AndroidManifest.xml:20:5-22:41
MERGED from [androidx.vectordrawable:vectordrawable:1.1.0] AndroidManifest.xml:20:5-22:41
MERGED from [androidx.vectordrawable:vectordrawable:1.1.0] AndroidManifest.xml:20:5-22:41
MERGED from [androidx.customview:customview:1.0.0] AndroidManifest.xml:20:5-44
MERGED from [androidx.customview:customview:1.0.0] AndroidManifest.xml:20:5-44
MERGED from [androidx.core:core:1.5.0] AndroidManifest.xml:20:5-22:41
MERGED from [androidx.core:core:1.5.0] AndroidManifest.xml:20:5-22:41
MERGED from [androidx.versionedparcelable:versionedparcelable:1.1.1] AndroidManifest.xml:20:5-22:41
MERGED from [androidx.versionedparcelable:versionedparcelable:1.1.1] AndroidManifest.xml:20:5-22:41
MERGED from [androidx.lifecycle:lifecycle-runtime:2.3.1] AndroidManifest.xml:20:5-22:41
MERGED from [androidx.lifecycle:lifecycle-runtime:2.3.1] AndroidManifest.xml:20:5-22:41
MERGED from [androidx.cursoradapter:cursoradapter:1.0.0] AndroidManifest.xml:20:5-44
MERGED from [androidx.cursoradapter:cursoradapter:1.0.0] AndroidManifest.xml:20:5-44
MERGED from [androidx.lifecycle:lifecycle-viewmodel-savedstate:2.3.1] AndroidManifest.xml:20:5-22:41
MERGED from [androidx.lifecycle:lifecycle-viewmodel-savedstate:2.3.1] AndroidManifest.xml:20:5-22:41
MERGED from [androidx.savedstate:savedstate:1.1.0] AndroidManifest.xml:20:5-22:41
MERGED from [androidx.savedstate:savedstate:1.1.0] AndroidManifest.xml:20:5-22:41
MERGED from [androidx.lifecycle:lifecycle-viewmodel:2.3.1] AndroidManifest.xml:20:5-22:41
MERGED from [androidx.lifecycle:lifecycle-viewmodel:2.3.1] AndroidManifest.xml:20:5-22:41
MERGED from [androidx.lifecycle:lifecycle-livedata:2.0.0] AndroidManifest.xml:20:5-44
MERGED from [androidx.lifecycle:lifecycle-livedata:2.0.0] AndroidManifest.xml:20:5-44
MERGED from [androidx.lifecycle:lifecycle-livedata-core:2.3.1] AndroidManifest.xml:20:5-22:41
MERGED from [androidx.lifecycle:lifecycle-livedata-core:2.3.1] AndroidManifest.xml:20:5-22:41
MERGED from [androidx.arch.core:core-runtime:2.1.0] AndroidManifest.xml:20:5-22:41
MERGED from [androidx.arch.core:core-runtime:2.1.0] AndroidManifest.xml:20:5-22:41
MERGED from [androidx.tracing:tracing:1.0.0] AndroidManifest.xml:20:5-22:41
MERGED from [androidx.tracing:tracing:1.0.0] AndroidManifest.xml:20:5-22:41
MERGED from [androidx.interpolator:interpolator:1.0.0] AndroidManifest.xml:20:5-44
MERGED from [androidx.interpolator:interpolator:1.0.0] AndroidManifest.xml:20:5-44
MERGED from [androidx.annotation:annotation-experimental:1.0.0] AndroidManifest.xml:20:5-22:41
MERGED from [androidx.annotation:annotation-experimental:1.0.0] AndroidManifest.xml:20:5-22:41
INJECTED from src\main\AndroidManifest.xml
INJECTED from src\main\AndroidManifest.xml
	android:targetSdkVersion
		INJECTED from src\main\AndroidManifest.xml
		ADDED from src\main\AndroidManifest.xml
		INJECTED from src\main\AndroidManifest.xml
	android:minSdkVersion
		INJECTED from src\main\AndroidManifest.xml
		ADDED from src\main\AndroidManifest.xml
		INJECTED from src\main\AndroidManifest.xml
provider#com.sidlatau.flutteremailsender.FlutterEmailSenderFileProvider
ADDED from [:flutter_email_sender] AndroidManifest.xml:8:9-16:20
	android:grantUriPermissions
		ADDED from [:flutter_email_sender] AndroidManifest.xml:12:13-47
	android:authorities
		ADDED from [:flutter_email_sender] AndroidManifest.xml:10:13-65
	android:exported
		ADDED from [:flutter_email_sender] AndroidManifest.xml:11:13-37
	android:name
		ADDED from [:flutter_email_sender] AndroidManifest.xml:9:13-90
meta-data#android.support.FILE_PROVIDER_PATHS
ADDED from [:flutter_email_sender] AndroidManifest.xml:13:13-15:61
	android:resource
		ADDED from [:flutter_email_sender] AndroidManifest.xml:15:17-58
	android:name
		ADDED from [:flutter_email_sender] AndroidManifest.xml:14:17-67
provider#io.flutter.plugins.imagepicker.ImagePickerFileProvider
ADDED from [:image_picker] AndroidManifest.xml:11:9-19:20
	android:grantUriPermissions
		ADDED from [:image_picker] AndroidManifest.xml:15:13-47
	android:authorities
		ADDED from [:image_picker] AndroidManifest.xml:13:13-74
	android:exported
		ADDED from [:image_picker] AndroidManifest.xml:14:13-37
	android:name
		ADDED from [:image_picker] AndroidManifest.xml:12:13-82